cabal: Entering directory '/tmp/cabal-tmp-26841/base-orphans-0.7'
Warning: base-orphans.cabal: Unknown fields: build-tool-depends (line 62)
Fields allowed in this section:
type, main-is, test-module, buildable, build-tools, build-depends,
cpp-options, cc-options, ld-options, pkgconfig-depends, frameworks,
extra-framework-dirs, c-sources, js-sources, default-language,
other-languages, default-extensions, other-extensions, extensions,
extra-libraries, extra-ghci-libraries, extra-lib-dirs, includes,
install-includes, include-dirs, hs-source-dirs, other-modules,
ghc-prof-options, ghcjs-prof-options, ghc-shared-options,
ghcjs-shared-options, ghc-options, ghcjs-options, jhc-options,
hugs-options, nhc98-options
Configuring base-orphans-0.7...
Building base-orphans-0.7...
Preprocessing library base-orphans-0.7...
[1 of 2] Compiling Data.Orphans.Prelude ( src/Data/Orphans/Prelude.hs, dist/dist-sandbox-5c4d6549/build/Data/Orphans/Prelude.o )
[2 of 2] Compiling Data.Orphans     ( src/Data/Orphans.hs, dist/dist-sandbox-5c4d6549/build/Data/Orphans.o )
Creating package registration file:
/tmp/pkgConf-base-orphans-01330573317603570492.7
Installing library in
/home/harry/code/proj/pong/.cabal-sandbox/lib/x86_64-linux-ghc-8.0.2/base-orphans-0.7-8S4ts20sdDDGKcsJJT3Axg
Registering base-orphans-0.7...
cabal: Leaving directory '/tmp/cabal-tmp-26841/base-orphans-0.7'
