cabal: Entering directory '/tmp/cabal-tmp-26842/cereal-0.5.5.0'
Configuring cereal-0.5.5.0...
Building cereal-0.5.5.0...
Preprocessing library cereal-0.5.5.0...
[1 of 4] Compiling Data.Serialize.Put ( src/Data/Serialize/Put.hs, dist/dist-sandbox-5c4d6549/build/Data/Serialize/Put.o )

src/Data/Serialize/Put.hs:103:1: warning: [-Wunused-imports]
    The qualified import of ‘Data.Monoid’ is redundant
      except perhaps to import instances from ‘Data.Monoid’
    To import instances alone, use: import Data.Monoid()
[2 of 4] Compiling Data.Serialize.Get ( src/Data/Serialize/Get.hs, dist/dist-sandbox-5c4d6549/build/Data/Serialize/Get.o )
[3 of 4] Compiling Data.Serialize.IEEE754 ( src/Data/Serialize/IEEE754.hs, dist/dist-sandbox-5c4d6549/build/Data/Serialize/IEEE754.o )
[4 of 4] Compiling Data.Serialize   ( src/Data/Serialize.hs, dist/dist-sandbox-5c4d6549/build/Data/Serialize.o )

src/Data/Serialize.hs:290:9: warning: [-Wincomplete-patterns]
    Pattern match(es) are non-exhaustive
    In an equation for ‘findNr’: Patterns not matched: _ _
Creating package registration file:
/tmp/pkgConf-cereal-0.5.53521186061782436840.0
Installing library in
/home/harry/code/proj/pong/.cabal-sandbox/lib/x86_64-linux-ghc-8.0.2/cereal-0.5.5.0-EKUqOx3xbO7vpnQkJYe0q
Registering cereal-0.5.5.0...
cabal: Leaving directory '/tmp/cabal-tmp-26842/cereal-0.5.5.0'
