cabal: Entering directory '/tmp/cabal-tmp-26840/free-5.0.1'
Configuring free-5.0.1...
Building free-5.0.1...
Preprocessing library free-5.0.1...
[ 1 of 20] Compiling Data.Functor.Classes.Compat ( src/Data/Functor/Classes/Compat.hs, dist/dist-sandbox-5c4d6549/build/Data/Functor/Classes/Compat.o )
[ 2 of 20] Compiling Control.Monad.Free.TH ( src/Control/Monad/Free/TH.hs, dist/dist-sandbox-5c4d6549/build/Control/Monad/Free/TH.o )

src/Control/Monad/Free/TH.hs:249:7: warning: [-Woverlapping-patterns]
    Pattern match is redundant
    In a case alternative: _ -> ...

src/Control/Monad/Free/TH.hs:278:1: warning: [-Woverlapping-patterns]
    Pattern match is redundant
    In an equation for ‘constructorNames’: constructorNames con' = ...
[ 3 of 20] Compiling Control.Monad.Free.Class ( src/Control/Monad/Free/Class.hs, dist/dist-sandbox-5c4d6549/build/Control/Monad/Free/Class.o )
[ 4 of 20] Compiling Control.Monad.Trans.Free ( src/Control/Monad/Trans/Free.hs, dist/dist-sandbox-5c4d6549/build/Control/Monad/Trans/Free.o )
[ 5 of 20] Compiling Control.Monad.Trans.Free.Ap ( src/Control/Monad/Trans/Free/Ap.hs, dist/dist-sandbox-5c4d6549/build/Control/Monad/Trans/Free/Ap.o )
[ 6 of 20] Compiling Control.Monad.Trans.Free.Church ( src/Control/Monad/Trans/Free/Church.hs, dist/dist-sandbox-5c4d6549/build/Control/Monad/Trans/Free/Church.o )
[ 7 of 20] Compiling Control.Monad.Trans.Iter ( src/Control/Monad/Trans/Iter.hs, dist/dist-sandbox-5c4d6549/build/Control/Monad/Trans/Iter.o )
[ 8 of 20] Compiling Control.Monad.Free.Ap ( src/Control/Monad/Free/Ap.hs, dist/dist-sandbox-5c4d6549/build/Control/Monad/Free/Ap.o )
[ 9 of 20] Compiling Control.Monad.Free ( src/Control/Monad/Free.hs, dist/dist-sandbox-5c4d6549/build/Control/Monad/Free.o )
[10 of 20] Compiling Control.Monad.Free.Church ( src/Control/Monad/Free/Church.hs, dist/dist-sandbox-5c4d6549/build/Control/Monad/Free/Church.o )
[11 of 20] Compiling Control.Comonad.Cofree.Class ( src/Control/Comonad/Cofree/Class.hs, dist/dist-sandbox-5c4d6549/build/Control/Comonad/Cofree/Class.o )
[12 of 20] Compiling Control.Comonad.Trans.Cofree ( src/Control/Comonad/Trans/Cofree.hs, dist/dist-sandbox-5c4d6549/build/Control/Comonad/Trans/Cofree.o )
[13 of 20] Compiling Control.Comonad.Trans.Coiter ( src/Control/Comonad/Trans/Coiter.hs, dist/dist-sandbox-5c4d6549/build/Control/Comonad/Trans/Coiter.o )
[14 of 20] Compiling Control.Comonad.Cofree ( src/Control/Comonad/Cofree.hs, dist/dist-sandbox-5c4d6549/build/Control/Comonad/Cofree.o )
[15 of 20] Compiling Control.Applicative.Trans.Free ( src/Control/Applicative/Trans/Free.hs, dist/dist-sandbox-5c4d6549/build/Control/Applicative/Trans/Free.o )
[16 of 20] Compiling Control.Applicative.Free.Final ( src/Control/Applicative/Free/Final.hs, dist/dist-sandbox-5c4d6549/build/Control/Applicative/Free/Final.o )
[17 of 20] Compiling Control.Applicative.Free.Fast ( src/Control/Applicative/Free/Fast.hs, dist/dist-sandbox-5c4d6549/build/Control/Applicative/Free/Fast.o )
[18 of 20] Compiling Control.Applicative.Free ( src/Control/Applicative/Free.hs, dist/dist-sandbox-5c4d6549/build/Control/Applicative/Free.o )
[19 of 20] Compiling Control.Alternative.Free.Final ( src/Control/Alternative/Free/Final.hs, dist/dist-sandbox-5c4d6549/build/Control/Alternative/Free/Final.o )
[20 of 20] Compiling Control.Alternative.Free ( src/Control/Alternative/Free.hs, dist/dist-sandbox-5c4d6549/build/Control/Alternative/Free.o )
Creating package registration file: /tmp/pkgConf-free-5.01431419379620145550.1
Installing library in
/home/harry/code/proj/pong/.cabal-sandbox/lib/x86_64-linux-ghc-8.0.2/free-5.0.1-Kg8oyVV2Bpc4XA5f6zO3hy
Registering free-5.0.1...
cabal: Leaving directory '/tmp/cabal-tmp-26840/free-5.0.1'
