cabal: Entering directory '/tmp/cabal-tmp-26840/kan-extensions-5.1'
Configuring kan-extensions-5.1...
Building kan-extensions-5.1...
Preprocessing library kan-extensions-5.1...
[ 1 of 12] Compiling Data.Functor.Kan.Ran ( src/Data/Functor/Kan/Ran.hs, dist/dist-sandbox-5c4d6549/build/Data/Functor/Kan/Ran.o )

src/Data/Functor/Kan/Ran.hs:7:14: warning: [-Wtrustworthy-safe]
    ‘Data.Functor.Kan.Ran’ is marked as Trustworthy but has been inferred as safe!
[ 2 of 12] Compiling Data.Functor.Yoneda ( src/Data/Functor/Yoneda.hs, dist/dist-sandbox-5c4d6549/build/Data/Functor/Yoneda.o )
[ 3 of 12] Compiling Data.Functor.Kan.Lan ( src/Data/Functor/Kan/Lan.hs, dist/dist-sandbox-5c4d6549/build/Data/Functor/Kan/Lan.o )
[ 4 of 12] Compiling Data.Functor.Day ( src/Data/Functor/Day.hs, dist/dist-sandbox-5c4d6549/build/Data/Functor/Day.o )
[ 5 of 12] Compiling Data.Functor.Day.Curried ( src/Data/Functor/Day/Curried.hs, dist/dist-sandbox-5c4d6549/build/Data/Functor/Day/Curried.o )
[ 6 of 12] Compiling Data.Functor.Coyoneda ( src/Data/Functor/Coyoneda.hs, dist/dist-sandbox-5c4d6549/build/Data/Functor/Coyoneda.o )
[ 7 of 12] Compiling Data.Functor.Contravariant.Yoneda ( src/Data/Functor/Contravariant/Yoneda.hs, dist/dist-sandbox-5c4d6549/build/Data/Functor/Contravariant/Yoneda.o )
[ 8 of 12] Compiling Data.Functor.Contravariant.Day ( src/Data/Functor/Contravariant/Day.hs, dist/dist-sandbox-5c4d6549/build/Data/Functor/Contravariant/Day.o )
[ 9 of 12] Compiling Data.Functor.Contravariant.Coyoneda ( src/Data/Functor/Contravariant/Coyoneda.hs, dist/dist-sandbox-5c4d6549/build/Data/Functor/Contravariant/Coyoneda.o )
[10 of 12] Compiling Control.Monad.Codensity ( src/Control/Monad/Codensity.hs, dist/dist-sandbox-5c4d6549/build/Control/Monad/Codensity.o )
[11 of 12] Compiling Control.Comonad.Density ( src/Control/Comonad/Density.hs, dist/dist-sandbox-5c4d6549/build/Control/Comonad/Density.o )
[12 of 12] Compiling Control.Monad.Co ( src/Control/Monad/Co.hs, dist/dist-sandbox-5c4d6549/build/Control/Monad/Co.o )
Creating package registration file:
/tmp/pkgConf-kan-extensions-52601529591472713773.1
Installing library in
/home/harry/code/proj/pong/.cabal-sandbox/lib/x86_64-linux-ghc-8.0.2/kan-extensions-5.1-GEkEANDa98RBLdQwtqVRxi
Registering kan-extensions-5.1...
cabal: Leaving directory '/tmp/cabal-tmp-26840/kan-extensions-5.1'
