cabal: Entering directory '/tmp/cabal-tmp-19385/OpenGL-3.0.2.1'
Configuring OpenGL-3.0.2.1...
Building OpenGL-3.0.2.1...
Preprocessing library OpenGL-3.0.2.1...
[  1 of 118] Compiling Graphics.Rendering.OpenGL.GLU.ErrorsInternal ( src/Graphics/Rendering/OpenGL/GLU/ErrorsInternal.hs, dist/dist-sandbox-5c4d6549/build/Graphics/Rendering/OpenGL/GLU/ErrorsInternal.o )
[  2 of 118] Compiling Graphics.Rendering.OpenGL.GLU.Errors ( src/Graphics/Rendering/OpenGL/GLU/Errors.hs, dist/dist-sandbox-5c4d6549/build/Graphics/Rendering/OpenGL/GLU/Errors.o )
[  3 of 118] Compiling Graphics.Rendering.OpenGL.GL.VertexAttributes ( src/Graphics/Rendering/OpenGL/GL/VertexAttributes.hs, dist/dist-sandbox-5c4d6549/build/Graphics/Rendering/OpenGL/GL/VertexAttributes.o )
[  4 of 118] Compiling Graphics.Rendering.OpenGL.GL.Texturing.TextureUnit ( src/Graphics/Rendering/OpenGL/GL/Texturing/TextureUnit.hs, dist/dist-sandbox-5c4d6549/build/Graphics/Rendering/OpenGL/GL/Texturing/TextureUnit.o )
[  5 of 118] Compiling Graphics.Rendering.OpenGL.GL.Texturing.PixelInternalFormat ( src/Graphics/Rendering/OpenGL/GL/Texturing/PixelInternalFormat.hs, dist/dist-sandbox-5c4d6549/build/Graphics/Rendering/OpenGL/GL/Texturing/PixelInternalFormat.o )
[  6 of 118] Compiling Graphics.Rendering.OpenGL.GL.Texturing.Filter ( src/Graphics/Rendering/OpenGL/GL/Texturing/Filter.hs, dist/dist-sandbox-5c4d6549/build/Graphics/Rendering/OpenGL/GL/Texturing/Filter.o )
[  7 of 118] Compiling Graphics.Rendering.OpenGL.GL.Tensor ( src/Graphics/Rendering/OpenGL/GL/Tensor.hs, dist/dist-sandbox-5c4d6549/build/Graphics/Rendering/OpenGL/GL/Tensor.o )
[  8 of 118] Compiling Graphics.Rendering.OpenGL.GL.Rectangles ( src/Graphics/Rendering/OpenGL/GL/Rectangles.hs, dist/dist-sandbox-5c4d6549/build/Graphics/Rendering/OpenGL/GL/Rectangles.o )
[  9 of 118] Compiling Graphics.Rendering.OpenGL.GL.PolygonMode ( src/Graphics/Rendering/OpenGL/GL/PolygonMode.hs, dist/dist-sandbox-5c4d6549/build/Graphics/Rendering/OpenGL/GL/PolygonMode.o )
[ 10 of 118] Compiling Graphics.Rendering.OpenGL.GL.PointParameter ( src/Graphics/Rendering/OpenGL/GL/PointParameter.hs, dist/dist-sandbox-5c4d6549/build/Graphics/Rendering/OpenGL/GL/PointParameter.o )
[ 11 of 118] Compiling Graphics.Rendering.OpenGL.GL.PixelFormat ( src/Graphics/Rendering/OpenGL/GL/PixelFormat.hs, dist/dist-sandbox-5c4d6549/build/Graphics/Rendering/OpenGL/GL/PixelFormat.o )
[ 12 of 118] Compiling Graphics.Rendering.OpenGL.GL.PeekPoke ( src/Graphics/Rendering/OpenGL/GL/PeekPoke.hs, dist/dist-sandbox-5c4d6549/build/Graphics/Rendering/OpenGL/GL/PeekPoke.o )
[ 13 of 118] Compiling Graphics.Rendering.OpenGL.GL.QueryUtils.PName ( src/Graphics/Rendering/OpenGL/GL/QueryUtils/PName.hs, dist/dist-sandbox-5c4d6549/build/Graphics/Rendering/OpenGL/GL/QueryUtils/PName.o )
[ 14 of 118] Compiling Graphics.Rendering.OpenGL.GL.PrimitiveMode ( src/Graphics/Rendering/OpenGL/GL/PrimitiveMode.hs, dist/dist-sandbox-5c4d6549/build/Graphics/Rendering/OpenGL/GL/PrimitiveMode.o )
[ 15 of 118] Compiling Graphics.Rendering.OpenGL.GL.PrimitiveModeInternal ( src/Graphics/Rendering/OpenGL/GL/PrimitiveModeInternal.hs, dist/dist-sandbox-5c4d6549/build/Graphics/Rendering/OpenGL/GL/PrimitiveModeInternal.o )
[ 16 of 118] Compiling Graphics.Rendering.OpenGL.GL.QueryUtils.VertexAttrib ( src/Graphics/Rendering/OpenGL/GL/QueryUtils/VertexAttrib.hs, dist/dist-sandbox-5c4d6549/build/Graphics/Rendering/OpenGL/GL/QueryUtils/VertexAttrib.o )
[ 17 of 118] Compiling Graphics.Rendering.OpenGL.GL.QueryUtils ( src/Graphics/Rendering/OpenGL/GL/QueryUtils.hs, dist/dist-sandbox-5c4d6549/build/Graphics/Rendering/OpenGL/GL/QueryUtils.o )
[ 18 of 118] Compiling Graphics.Rendering.OpenGL.GL.Shaders.Limits ( src/Graphics/Rendering/OpenGL/GL/Shaders/Limits.hs, dist/dist-sandbox-5c4d6549/build/Graphics/Rendering/OpenGL/GL/Shaders/Limits.o )
[ 19 of 118] Compiling Graphics.Rendering.OpenGL.GL.MatrixComponent ( src/Graphics/Rendering/OpenGL/GL/MatrixComponent.hs, dist/dist-sandbox-5c4d6549/build/Graphics/Rendering/OpenGL/GL/MatrixComponent.o )
[ 20 of 118] Compiling Graphics.Rendering.OpenGL.GL.IOState ( src/Graphics/Rendering/OpenGL/GL/IOState.hs, dist/dist-sandbox-5c4d6549/build/Graphics/Rendering/OpenGL/GL/IOState.o )
[ 21 of 118] Compiling Graphics.Rendering.OpenGL.GL.Hints ( src/Graphics/Rendering/OpenGL/GL/Hints.hs, dist/dist-sandbox-5c4d6549/build/Graphics/Rendering/OpenGL/GL/Hints.o )
[ 22 of 118] Compiling Graphics.Rendering.OpenGL.GL.GLboolean ( src/Graphics/Rendering/OpenGL/GL/GLboolean.hs, dist/dist-sandbox-5c4d6549/build/Graphics/Rendering/OpenGL/GL/GLboolean.o )
[ 23 of 118] Compiling Graphics.Rendering.OpenGL.GL.PixelRectangles.PixelStorage ( src/Graphics/Rendering/OpenGL/GL/PixelRectangles/PixelStorage.hs, dist/dist-sandbox-5c4d6549/build/Graphics/Rendering/OpenGL/GL/PixelRectangles/PixelStorage.o )
[ 24 of 118] Compiling Graphics.Rendering.OpenGL.GL.PixelRectangles.Reset ( src/Graphics/Rendering/OpenGL/GL/PixelRectangles/Reset.hs, dist/dist-sandbox-5c4d6549/build/Graphics/Rendering/OpenGL/GL/PixelRectangles/Reset.o )
[ 25 of 118] Compiling Graphics.Rendering.OpenGL.GL.PixelRectangles.Sink ( src/Graphics/Rendering/OpenGL/GL/PixelRectangles/Sink.hs, dist/dist-sandbox-5c4d6549/build/Graphics/Rendering/OpenGL/GL/PixelRectangles/Sink.o )
[ 26 of 118] Compiling Graphics.Rendering.OpenGL.GL.VertexSpec ( src/Graphics/Rendering/OpenGL/GL/VertexSpec.hs, dist/dist-sandbox-5c4d6549/build/Graphics/Rendering/OpenGL/GL/VertexSpec.o )
[ 27 of 118] Compiling Graphics.Rendering.OpenGL.GL.PixelRectangles.PixelMap ( src/Graphics/Rendering/OpenGL/GL/PixelRectangles/PixelMap.hs, dist/dist-sandbox-5c4d6549/build/Graphics/Rendering/OpenGL/GL/PixelRectangles/PixelMap.o )
[ 28 of 118] Compiling Graphics.Rendering.OpenGL.GL.FramebufferObjects.RenderbufferTarget ( src/Graphics/Rendering/OpenGL/GL/FramebufferObjects/RenderbufferTarget.hs, dist/dist-sandbox-5c4d6549/build/Graphics/Rendering/OpenGL/GL/FramebufferObjects/RenderbufferTarget.o )
[ 29 of 118] Compiling Graphics.Rendering.OpenGL.GL.FramebufferObjects.FramebufferTarget ( src/Graphics/Rendering/OpenGL/GL/FramebufferObjects/FramebufferTarget.hs, dist/dist-sandbox-5c4d6549/build/Graphics/Rendering/OpenGL/GL/FramebufferObjects/FramebufferTarget.o )
[ 30 of 118] Compiling Graphics.Rendering.OpenGL.GL.FlushFinish ( src/Graphics/Rendering/OpenGL/GL/FlushFinish.hs, dist/dist-sandbox-5c4d6549/build/Graphics/Rendering/OpenGL/GL/FlushFinish.o )
[ 31 of 118] Compiling Graphics.Rendering.OpenGL.GL.Face ( src/Graphics/Rendering/OpenGL/GL/Face.hs, dist/dist-sandbox-5c4d6549/build/Graphics/Rendering/OpenGL/GL/Face.o )
[ 32 of 118] Compiling Graphics.Rendering.OpenGL.GL.Exception ( src/Graphics/Rendering/OpenGL/GL/Exception.hs, dist/dist-sandbox-5c4d6549/build/Graphics/Rendering/OpenGL/GL/Exception.o )
[ 33 of 118] Compiling Graphics.Rendering.OpenGL.GL.RenderMode ( src/Graphics/Rendering/OpenGL/GL/RenderMode.hs, dist/dist-sandbox-5c4d6549/build/Graphics/Rendering/OpenGL/GL/RenderMode.o )
[ 34 of 118] Compiling Graphics.Rendering.OpenGL.GL.Feedback ( src/Graphics/Rendering/OpenGL/GL/Feedback.hs, dist/dist-sandbox-5c4d6549/build/Graphics/Rendering/OpenGL/GL/Feedback.o )
[ 35 of 118] Compiling Graphics.Rendering.OpenGL.GL.SavingState ( src/Graphics/Rendering/OpenGL/GL/SavingState.hs, dist/dist-sandbox-5c4d6549/build/Graphics/Rendering/OpenGL/GL/SavingState.o )
[ 36 of 118] Compiling Graphics.Rendering.OpenGL.GL.Selection ( src/Graphics/Rendering/OpenGL/GL/Selection.hs, dist/dist-sandbox-5c4d6549/build/Graphics/Rendering/OpenGL/GL/Selection.o )
[ 37 of 118] Compiling Graphics.Rendering.OpenGL.GL.EdgeFlag ( src/Graphics/Rendering/OpenGL/GL/EdgeFlag.hs, dist/dist-sandbox-5c4d6549/build/Graphics/Rendering/OpenGL/GL/EdgeFlag.o )
[ 38 of 118] Compiling Graphics.Rendering.OpenGL.GL.Domain ( src/Graphics/Rendering/OpenGL/GL/Domain.hs, dist/dist-sandbox-5c4d6549/build/Graphics/Rendering/OpenGL/GL/Domain.o )
[ 39 of 118] Compiling Graphics.Rendering.OpenGL.GL.DataType ( src/Graphics/Rendering/OpenGL/GL/DataType.hs, dist/dist-sandbox-5c4d6549/build/Graphics/Rendering/OpenGL/GL/DataType.o )
[ 40 of 118] Compiling Graphics.Rendering.OpenGL.GL.PixelData ( src/Graphics/Rendering/OpenGL/GL/PixelData.hs, dist/dist-sandbox-5c4d6549/build/Graphics/Rendering/OpenGL/GL/PixelData.o )
[ 41 of 118] Compiling Graphics.Rendering.OpenGL.GL.ComparisonFunction ( src/Graphics/Rendering/OpenGL/GL/ComparisonFunction.hs, dist/dist-sandbox-5c4d6549/build/Graphics/Rendering/OpenGL/GL/ComparisonFunction.o )
[ 42 of 118] Compiling Graphics.Rendering.OpenGL.GL.Capability ( src/Graphics/Rendering/OpenGL/GL/Capability.hs, dist/dist-sandbox-5c4d6549/build/Graphics/Rendering/OpenGL/GL/Capability.o )
[ 43 of 118] Compiling Graphics.Rendering.OpenGL.GL.ColorSum ( src/Graphics/Rendering/OpenGL/GL/ColorSum.hs, dist/dist-sandbox-5c4d6549/build/Graphics/Rendering/OpenGL/GL/ColorSum.o )
[ 44 of 118] Compiling Graphics.Rendering.OpenGL.GL.Colors ( src/Graphics/Rendering/OpenGL/GL/Colors.hs, dist/dist-sandbox-5c4d6549/build/Graphics/Rendering/OpenGL/GL/Colors.o )
[ 45 of 118] Compiling Graphics.Rendering.OpenGL.GLU.Quadrics ( src/Graphics/Rendering/OpenGL/GLU/Quadrics.hs, dist/dist-sandbox-5c4d6549/build/Graphics/Rendering/OpenGL/GLU/Quadrics.o )
[ 46 of 118] Compiling Graphics.Rendering.OpenGL.GL.CoordTrans ( src/Graphics/Rendering/OpenGL/GL/CoordTrans.hs, dist/dist-sandbox-5c4d6549/build/Graphics/Rendering/OpenGL/GL/CoordTrans.o )
[ 47 of 118] Compiling Graphics.Rendering.OpenGL.GL.Clipping ( src/Graphics/Rendering/OpenGL/GL/Clipping.hs, dist/dist-sandbox-5c4d6549/build/Graphics/Rendering/OpenGL/GL/Clipping.o )
[ 48 of 118] Compiling Graphics.Rendering.OpenGL.GL.PixelRectangles.Rasterization ( src/Graphics/Rendering/OpenGL/GL/PixelRectangles/Rasterization.hs, dist/dist-sandbox-5c4d6549/build/Graphics/Rendering/OpenGL/GL/PixelRectangles/Rasterization.o )
[ 49 of 118] Compiling Graphics.Rendering.OpenGL.GLU.Matrix ( src/Graphics/Rendering/OpenGL/GLU/Matrix.hs, dist/dist-sandbox-5c4d6549/build/Graphics/Rendering/OpenGL/GLU/Matrix.o )
[ 50 of 118] Compiling Graphics.Rendering.OpenGL.GL.DebugOutput ( src/Graphics/Rendering/OpenGL/GL/DebugOutput.hs, dist/dist-sandbox-5c4d6549/build/Graphics/Rendering/OpenGL/GL/DebugOutput.o )
[ 51 of 118] Compiling Graphics.Rendering.OpenGL.GL.DisplayLists ( src/Graphics/Rendering/OpenGL/GL/DisplayLists.hs, dist/dist-sandbox-5c4d6549/build/Graphics/Rendering/OpenGL/GL/DisplayLists.o )
[ 52 of 118] Compiling Graphics.Rendering.OpenGL.GL.FramebufferObjects.FramebufferObject ( src/Graphics/Rendering/OpenGL/GL/FramebufferObjects/FramebufferObject.hs, dist/dist-sandbox-5c4d6549/build/Graphics/Rendering/OpenGL/GL/FramebufferObjects/FramebufferObject.o )
[ 53 of 118] Compiling Graphics.Rendering.OpenGL.GL.FramebufferObjects.FramebufferObjects ( src/Graphics/Rendering/OpenGL/GL/FramebufferObjects/FramebufferObjects.hs, dist/dist-sandbox-5c4d6549/build/Graphics/Rendering/OpenGL/GL/FramebufferObjects/FramebufferObjects.o )
[ 54 of 118] Compiling Graphics.Rendering.OpenGL.GL.FramebufferObjects.RenderbufferObject ( src/Graphics/Rendering/OpenGL/GL/FramebufferObjects/RenderbufferObject.hs, dist/dist-sandbox-5c4d6549/build/Graphics/Rendering/OpenGL/GL/FramebufferObjects/RenderbufferObject.o )
[ 55 of 118] Compiling Graphics.Rendering.OpenGL.GL.FramebufferObjects.RenderbufferObjects ( src/Graphics/Rendering/OpenGL/GL/FramebufferObjects/RenderbufferObjects.hs, dist/dist-sandbox-5c4d6549/build/Graphics/Rendering/OpenGL/GL/FramebufferObjects/RenderbufferObjects.o )
[ 56 of 118] Compiling Graphics.Rendering.OpenGL.GL.QueryObject ( src/Graphics/Rendering/OpenGL/GL/QueryObject.hs, dist/dist-sandbox-5c4d6549/build/Graphics/Rendering/OpenGL/GL/QueryObject.o )
[ 57 of 118] Compiling Graphics.Rendering.OpenGL.GL.ConditionalRendering ( src/Graphics/Rendering/OpenGL/GL/ConditionalRendering.hs, dist/dist-sandbox-5c4d6549/build/Graphics/Rendering/OpenGL/GL/ConditionalRendering.o )
[ 58 of 118] Compiling Graphics.Rendering.OpenGL.GL.QueryObjects ( src/Graphics/Rendering/OpenGL/GL/QueryObjects.hs, dist/dist-sandbox-5c4d6549/build/Graphics/Rendering/OpenGL/GL/QueryObjects.o )
[ 59 of 118] Compiling Graphics.Rendering.OpenGL.GL.Shaders.Program ( src/Graphics/Rendering/OpenGL/GL/Shaders/Program.hs, dist/dist-sandbox-5c4d6549/build/Graphics/Rendering/OpenGL/GL/Shaders/Program.o )
[ 60 of 118] Compiling Graphics.Rendering.OpenGL.GL.Shaders.Shader ( src/Graphics/Rendering/OpenGL/GL/Shaders/Shader.hs, dist/dist-sandbox-5c4d6549/build/Graphics/Rendering/OpenGL/GL/Shaders/Shader.o )
[ 61 of 118] Compiling Graphics.Rendering.OpenGL.GL.SyncObjects ( src/Graphics/Rendering/OpenGL/GL/SyncObjects.hs, dist/dist-sandbox-5c4d6549/build/Graphics/Rendering/OpenGL/GL/SyncObjects.o )
[ 62 of 118] Compiling Graphics.Rendering.OpenGL.GL.Texturing.TextureObject ( src/Graphics/Rendering/OpenGL/GL/Texturing/TextureObject.hs, dist/dist-sandbox-5c4d6549/build/Graphics/Rendering/OpenGL/GL/Texturing/TextureObject.o )
[ 63 of 118] Compiling Graphics.Rendering.OpenGL.GL.VertexArrayObjects ( src/Graphics/Rendering/OpenGL/GL/VertexArrayObjects.hs, dist/dist-sandbox-5c4d6549/build/Graphics/Rendering/OpenGL/GL/VertexArrayObjects.o )
[ 64 of 118] Compiling Graphics.Rendering.OpenGL.GL.Fog ( src/Graphics/Rendering/OpenGL/GL/Fog.hs, dist/dist-sandbox-5c4d6549/build/Graphics/Rendering/OpenGL/GL/Fog.o )
[ 65 of 118] Compiling Graphics.Rendering.OpenGL.GL.LineSegments ( src/Graphics/Rendering/OpenGL/GL/LineSegments.hs, dist/dist-sandbox-5c4d6549/build/Graphics/Rendering/OpenGL/GL/LineSegments.o )
[ 66 of 118] Compiling Graphics.Rendering.OpenGL.GL.PixelRectangles.ColorTable ( src/Graphics/Rendering/OpenGL/GL/PixelRectangles/ColorTable.hs, dist/dist-sandbox-5c4d6549/build/Graphics/Rendering/OpenGL/GL/PixelRectangles/ColorTable.o )
[ 67 of 118] Compiling Graphics.Rendering.OpenGL.GL.PixelRectangles.Convolution ( src/Graphics/Rendering/OpenGL/GL/PixelRectangles/Convolution.hs, dist/dist-sandbox-5c4d6549/build/Graphics/Rendering/OpenGL/GL/PixelRectangles/Convolution.o )
[ 68 of 118] Compiling Graphics.Rendering.OpenGL.GL.PixelRectangles.Histogram ( src/Graphics/Rendering/OpenGL/GL/PixelRectangles/Histogram.hs, dist/dist-sandbox-5c4d6549/build/Graphics/Rendering/OpenGL/GL/PixelRectangles/Histogram.o )
[ 69 of 118] Compiling Graphics.Rendering.OpenGL.GL.PixelRectangles.Minmax ( src/Graphics/Rendering/OpenGL/GL/PixelRectangles/Minmax.hs, dist/dist-sandbox-5c4d6549/build/Graphics/Rendering/OpenGL/GL/PixelRectangles/Minmax.o )
[ 70 of 118] Compiling Graphics.Rendering.OpenGL.GL.PixelRectangles.PixelTransfer ( src/Graphics/Rendering/OpenGL/GL/PixelRectangles/PixelTransfer.hs, dist/dist-sandbox-5c4d6549/build/Graphics/Rendering/OpenGL/GL/PixelRectangles/PixelTransfer.o )
[ 71 of 118] Compiling Graphics.Rendering.OpenGL.GL.PixelRectangles ( src/Graphics/Rendering/OpenGL/GL/PixelRectangles.hs, dist/dist-sandbox-5c4d6549/build/Graphics/Rendering/OpenGL/GL/PixelRectangles.o )
[ 72 of 118] Compiling Graphics.Rendering.OpenGL.GL.Points ( src/Graphics/Rendering/OpenGL/GL/Points.hs, dist/dist-sandbox-5c4d6549/build/Graphics/Rendering/OpenGL/GL/Points.o )
[ 73 of 118] Compiling Graphics.Rendering.OpenGL.GL.Polygons ( src/Graphics/Rendering/OpenGL/GL/Polygons.hs, dist/dist-sandbox-5c4d6549/build/Graphics/Rendering/OpenGL/GL/Polygons.o )
[ 74 of 118] Compiling Graphics.Rendering.OpenGL.GL.RasterPos ( src/Graphics/Rendering/OpenGL/GL/RasterPos.hs, dist/dist-sandbox-5c4d6549/build/Graphics/Rendering/OpenGL/GL/RasterPos.o )
[ 75 of 118] Compiling Graphics.Rendering.OpenGL.GL.Texturing.TextureTarget ( src/Graphics/Rendering/OpenGL/GL/Texturing/TextureTarget.hs, dist/dist-sandbox-5c4d6549/build/Graphics/Rendering/OpenGL/GL/Texturing/TextureTarget.o )
[ 76 of 118] Compiling Graphics.Rendering.OpenGL.GL.Texturing.Application ( src/Graphics/Rendering/OpenGL/GL/Texturing/Application.hs, dist/dist-sandbox-5c4d6549/build/Graphics/Rendering/OpenGL/GL/Texturing/Application.o )
[ 77 of 118] Compiling Graphics.Rendering.OpenGL.GL.Texturing.Specification ( src/Graphics/Rendering/OpenGL/GL/Texturing/Specification.hs, dist/dist-sandbox-5c4d6549/build/Graphics/Rendering/OpenGL/GL/Texturing/Specification.o )
[ 78 of 118] Compiling Graphics.Rendering.OpenGL.GL.Texturing.Queries ( src/Graphics/Rendering/OpenGL/GL/Texturing/Queries.hs, dist/dist-sandbox-5c4d6549/build/Graphics/Rendering/OpenGL/GL/Texturing/Queries.o )
[ 79 of 118] Compiling Graphics.Rendering.OpenGL.GL.Texturing.TexParameter ( src/Graphics/Rendering/OpenGL/GL/Texturing/TexParameter.hs, dist/dist-sandbox-5c4d6549/build/Graphics/Rendering/OpenGL/GL/Texturing/TexParameter.o )
[ 80 of 118] Compiling Graphics.Rendering.OpenGL.GL.Texturing.Objects ( src/Graphics/Rendering/OpenGL/GL/Texturing/Objects.hs, dist/dist-sandbox-5c4d6549/build/Graphics/Rendering/OpenGL/GL/Texturing/Objects.o )
[ 81 of 118] Compiling Graphics.Rendering.OpenGL.GL.Texturing.Parameters ( src/Graphics/Rendering/OpenGL/GL/Texturing/Parameters.hs, dist/dist-sandbox-5c4d6549/build/Graphics/Rendering/OpenGL/GL/Texturing/Parameters.o )
[ 82 of 118] Compiling Graphics.Rendering.OpenGL.GLU.Mipmapping ( src/Graphics/Rendering/OpenGL/GLU/Mipmapping.hs, dist/dist-sandbox-5c4d6549/build/Graphics/Rendering/OpenGL/GLU/Mipmapping.o )
[ 83 of 118] Compiling Graphics.Rendering.OpenGL.GL.VertexArrays ( src/Graphics/Rendering/OpenGL/GL/VertexArrays.hs, dist/dist-sandbox-5c4d6549/build/Graphics/Rendering/OpenGL/GL/VertexArrays.o )
[ 84 of 118] Compiling Graphics.Rendering.OpenGL.GL.ControlPoint ( src/Graphics/Rendering/OpenGL/GL/ControlPoint.hs, dist/dist-sandbox-5c4d6549/build/Graphics/Rendering/OpenGL/GL/ControlPoint.o )
[ 85 of 118] Compiling Graphics.Rendering.OpenGL.GL.Evaluators ( src/Graphics/Rendering/OpenGL/GL/Evaluators.hs, dist/dist-sandbox-5c4d6549/build/Graphics/Rendering/OpenGL/GL/Evaluators.o )
[ 86 of 118] Compiling Graphics.Rendering.OpenGL.GLU.NURBS ( src/Graphics/Rendering/OpenGL/GLU/NURBS.hs, dist/dist-sandbox-5c4d6549/build/Graphics/Rendering/OpenGL/GLU/NURBS.o )
[ 87 of 118] Compiling Graphics.Rendering.OpenGL.GL.ByteString ( src/Graphics/Rendering/OpenGL/GL/ByteString.hs, dist/dist-sandbox-5c4d6549/build/Graphics/Rendering/OpenGL/GL/ByteString.o )
[ 88 of 118] Compiling Graphics.Rendering.OpenGL.GL.Shaders.ProgramBinaries ( src/Graphics/Rendering/OpenGL/GL/Shaders/ProgramBinaries.hs, dist/dist-sandbox-5c4d6549/build/Graphics/Rendering/OpenGL/GL/Shaders/ProgramBinaries.o )
[ 89 of 118] Compiling Graphics.Rendering.OpenGL.GL.Shaders.ShaderBinaries ( src/Graphics/Rendering/OpenGL/GL/Shaders/ShaderBinaries.hs, dist/dist-sandbox-5c4d6549/build/Graphics/Rendering/OpenGL/GL/Shaders/ShaderBinaries.o )
[ 90 of 118] Compiling Graphics.Rendering.OpenGL.GL.Shaders.ShaderObjects ( src/Graphics/Rendering/OpenGL/GL/Shaders/ShaderObjects.hs, dist/dist-sandbox-5c4d6549/build/Graphics/Rendering/OpenGL/GL/Shaders/ShaderObjects.o )
[ 91 of 118] Compiling Graphics.Rendering.OpenGL.GL.Shaders.Variables ( src/Graphics/Rendering/OpenGL/GL/Shaders/Variables.hs, dist/dist-sandbox-5c4d6549/build/Graphics/Rendering/OpenGL/GL/Shaders/Variables.o )
[ 92 of 118] Compiling Graphics.Rendering.OpenGL.GL.Shaders.Attribs ( src/Graphics/Rendering/OpenGL/GL/Shaders/Attribs.hs, dist/dist-sandbox-5c4d6549/build/Graphics/Rendering/OpenGL/GL/Shaders/Attribs.o )
[ 93 of 118] Compiling Graphics.Rendering.OpenGL.GL.StringQueries ( src/Graphics/Rendering/OpenGL/GL/StringQueries.hs, dist/dist-sandbox-5c4d6549/build/Graphics/Rendering/OpenGL/GL/StringQueries.o )
[ 94 of 118] Compiling Graphics.Rendering.OpenGL.GL.TransformFeedback ( src/Graphics/Rendering/OpenGL/GL/TransformFeedback.hs, dist/dist-sandbox-5c4d6549/build/Graphics/Rendering/OpenGL/GL/TransformFeedback.o )
[ 95 of 118] Compiling Graphics.Rendering.OpenGL.GLU.Initialization ( src/Graphics/Rendering/OpenGL/GLU/Initialization.hs, dist/dist-sandbox-5c4d6549/build/Graphics/Rendering/OpenGL/GLU/Initialization.o )
[ 96 of 118] Compiling Graphics.Rendering.OpenGL.GL.BufferObjects ( src/Graphics/Rendering/OpenGL/GL/BufferObjects.hs, dist/dist-sandbox-5c4d6549/build/Graphics/Rendering/OpenGL/GL/BufferObjects.o )
[ 97 of 118] Compiling Graphics.Rendering.OpenGL.GL.BufferMode ( src/Graphics/Rendering/OpenGL/GL/BufferMode.hs, dist/dist-sandbox-5c4d6549/build/Graphics/Rendering/OpenGL/GL/BufferMode.o )
[ 98 of 118] Compiling Graphics.Rendering.OpenGL.GL.FramebufferObjects.FramebufferObjectAttachment ( src/Graphics/Rendering/OpenGL/GL/FramebufferObjects/FramebufferObjectAttachment.hs, dist/dist-sandbox-5c4d6549/build/Graphics/Rendering/OpenGL/GL/FramebufferObjects/FramebufferObjectAttachment.o )
[ 99 of 118] Compiling Graphics.Rendering.OpenGL.GL.Framebuffer ( src/Graphics/Rendering/OpenGL/GL/Framebuffer.hs, dist/dist-sandbox-5c4d6549/build/Graphics/Rendering/OpenGL/GL/Framebuffer.o )
[100 of 118] Compiling Graphics.Rendering.OpenGL.GL.Shaders.ProgramObjects ( src/Graphics/Rendering/OpenGL/GL/Shaders/ProgramObjects.hs, dist/dist-sandbox-5c4d6549/build/Graphics/Rendering/OpenGL/GL/Shaders/ProgramObjects.o )
[101 of 118] Compiling Graphics.Rendering.OpenGL.GL.Shaders.Uniform ( src/Graphics/Rendering/OpenGL/GL/Shaders/Uniform.hs, dist/dist-sandbox-5c4d6549/build/Graphics/Rendering/OpenGL/GL/Shaders/Uniform.o )
[102 of 118] Compiling Graphics.Rendering.OpenGL.GL.Shaders ( src/Graphics/Rendering/OpenGL/GL/Shaders.hs, dist/dist-sandbox-5c4d6549/build/Graphics/Rendering/OpenGL/GL/Shaders.o )
[103 of 118] Compiling Graphics.Rendering.OpenGL.GL.FramebufferObjects.Attachments ( src/Graphics/Rendering/OpenGL/GL/FramebufferObjects/Attachments.hs, dist/dist-sandbox-5c4d6549/build/Graphics/Rendering/OpenGL/GL/FramebufferObjects/Attachments.o )
[104 of 118] Compiling Graphics.Rendering.OpenGL.GL.FramebufferObjects.Queries ( src/Graphics/Rendering/OpenGL/GL/FramebufferObjects/Queries.hs, dist/dist-sandbox-5c4d6549/build/Graphics/Rendering/OpenGL/GL/FramebufferObjects/Queries.o )
[105 of 118] Compiling Graphics.Rendering.OpenGL.GL.FramebufferObjects ( src/Graphics/Rendering/OpenGL/GL/FramebufferObjects.hs, dist/dist-sandbox-5c4d6549/build/Graphics/Rendering/OpenGL/GL/FramebufferObjects.o )
[106 of 118] Compiling Graphics.Rendering.OpenGL.GL.PixellikeObject ( src/Graphics/Rendering/OpenGL/GL/PixellikeObject.hs, dist/dist-sandbox-5c4d6549/build/Graphics/Rendering/OpenGL/GL/PixellikeObject.o )
[107 of 118] Compiling Graphics.Rendering.OpenGL.GL.ReadCopyPixels ( src/Graphics/Rendering/OpenGL/GL/ReadCopyPixels.hs, dist/dist-sandbox-5c4d6549/build/Graphics/Rendering/OpenGL/GL/ReadCopyPixels.o )
[108 of 118] Compiling Graphics.Rendering.OpenGL.GL.BlendingFactor ( src/Graphics/Rendering/OpenGL/GL/BlendingFactor.hs, dist/dist-sandbox-5c4d6549/build/Graphics/Rendering/OpenGL/GL/BlendingFactor.o )
[109 of 118] Compiling Graphics.Rendering.OpenGL.GL.PerFragment ( src/Graphics/Rendering/OpenGL/GL/PerFragment.hs, dist/dist-sandbox-5c4d6549/build/Graphics/Rendering/OpenGL/GL/PerFragment.o )
[110 of 118] Compiling Graphics.Rendering.OpenGL.GL.Texturing.Environments ( src/Graphics/Rendering/OpenGL/GL/Texturing/Environments.hs, dist/dist-sandbox-5c4d6549/build/Graphics/Rendering/OpenGL/GL/Texturing/Environments.o )
[111 of 118] Compiling Graphics.Rendering.OpenGL.GL.Texturing ( src/Graphics/Rendering/OpenGL/GL/Texturing.hs, dist/dist-sandbox-5c4d6549/build/Graphics/Rendering/OpenGL/GL/Texturing.o )
[112 of 118] Compiling Graphics.Rendering.OpenGL.GL.Bitmaps ( src/Graphics/Rendering/OpenGL/GL/Bitmaps.hs, dist/dist-sandbox-5c4d6549/build/Graphics/Rendering/OpenGL/GL/Bitmaps.o )
[113 of 118] Compiling Graphics.Rendering.OpenGL.GL.BeginEnd ( src/Graphics/Rendering/OpenGL/GL/BeginEnd.hs, dist/dist-sandbox-5c4d6549/build/Graphics/Rendering/OpenGL/GL/BeginEnd.o )
[114 of 118] Compiling Graphics.Rendering.OpenGL.GLU.Tessellation ( src/Graphics/Rendering/OpenGL/GLU/Tessellation.hs, dist/dist-sandbox-5c4d6549/build/Graphics/Rendering/OpenGL/GLU/Tessellation.o )
[115 of 118] Compiling Graphics.Rendering.OpenGL.GLU ( src/Graphics/Rendering/OpenGL/GLU.hs, dist/dist-sandbox-5c4d6549/build/Graphics/Rendering/OpenGL/GLU.o )
[116 of 118] Compiling Graphics.Rendering.OpenGL.GL.Antialiasing ( src/Graphics/Rendering/OpenGL/GL/Antialiasing.hs, dist/dist-sandbox-5c4d6549/build/Graphics/Rendering/OpenGL/GL/Antialiasing.o )
[117 of 118] Compiling Graphics.Rendering.OpenGL.GL ( src/Graphics/Rendering/OpenGL/GL.hs, dist/dist-sandbox-5c4d6549/build/Graphics/Rendering/OpenGL/GL.o )
[118 of 118] Compiling Graphics.Rendering.OpenGL ( src/Graphics/Rendering/OpenGL.hs, dist/dist-sandbox-5c4d6549/build/Graphics/Rendering/OpenGL.o )
Creating package registration file:
/tmp/pkgConf-OpenGL-3.0.213780686242999170.1
Installing library in
/home/harry/code/proj/pong/.cabal-sandbox/lib/x86_64-linux-ghc-8.0.2/OpenGL-3.0.2.1-8jeVbFlpkNQJOjCG41Pjnx
Registering OpenGL-3.0.2.1...
cabal: Leaving directory '/tmp/cabal-tmp-19385/OpenGL-3.0.2.1'
