cabal: Entering directory '/tmp/cabal-tmp-26849/primitive-0.6.3.0'
Configuring primitive-0.6.3.0...
Building primitive-0.6.3.0...
Preprocessing library primitive-0.6.3.0...
[ 1 of 12] Compiling Data.Primitive.MachDeps ( Data/Primitive/MachDeps.hs, dist/dist-sandbox-5c4d6549/build/Data/Primitive/MachDeps.o )
[ 2 of 12] Compiling Data.Primitive.Internal.Operations ( Data/Primitive/Internal/Operations.hs, dist/dist-sandbox-5c4d6549/build/Data/Primitive/Internal/Operations.o )
[ 3 of 12] Compiling Data.Primitive.Internal.Compat ( Data/Primitive/Internal/Compat.hs, dist/dist-sandbox-5c4d6549/build/Data/Primitive/Internal/Compat.o )
[ 4 of 12] Compiling Control.Monad.Primitive ( Control/Monad/Primitive.hs, dist/dist-sandbox-5c4d6549/build/Control/Monad/Primitive.o )

Control/Monad/Primitive.hs:48:1: warning: [-Wdeprecations]
    Module ‘Control.Monad.Trans.Error’ is deprecated:
      Use Control.Monad.Trans.Except instead

Control/Monad/Primitive.hs:119:11: warning: [-Wdeprecations]
    In the use of type constructor or class ‘Error’
    (imported from Control.Monad.Trans.Error):
    Deprecated: "Use Control.Monad.Trans.Except instead"

Control/Monad/Primitive.hs:119:47: warning: [-Wdeprecations]
    In the use of type constructor or class ‘ErrorT’
    (imported from Control.Monad.Trans.Error):
    Deprecated: "Use Control.Monad.Trans.Except instead"

Control/Monad/Primitive.hs:120:19: warning: [-Wdeprecations]
    In the use of type constructor or class ‘ErrorT’
    (imported from Control.Monad.Trans.Error):
    Deprecated: "Use Control.Monad.Trans.Except instead"
[ 5 of 12] Compiling Data.Primitive.Array ( Data/Primitive/Array.hs, dist/dist-sandbox-5c4d6549/build/Data/Primitive/Array.o )
[ 6 of 12] Compiling Data.Primitive.MutVar ( Data/Primitive/MutVar.hs, dist/dist-sandbox-5c4d6549/build/Data/Primitive/MutVar.o )
[ 7 of 12] Compiling Data.Primitive.SmallArray ( Data/Primitive/SmallArray.hs, dist/dist-sandbox-5c4d6549/build/Data/Primitive/SmallArray.o )
[ 8 of 12] Compiling Data.Primitive.Types ( Data/Primitive/Types.hs, dist/dist-sandbox-5c4d6549/build/Data/Primitive/Types.o )
[ 9 of 12] Compiling Data.Primitive.Addr ( Data/Primitive/Addr.hs, dist/dist-sandbox-5c4d6549/build/Data/Primitive/Addr.o )
[10 of 12] Compiling Data.Primitive.ByteArray ( Data/Primitive/ByteArray.hs, dist/dist-sandbox-5c4d6549/build/Data/Primitive/ByteArray.o )
[11 of 12] Compiling Data.Primitive   ( Data/Primitive.hs, dist/dist-sandbox-5c4d6549/build/Data/Primitive.o )
[12 of 12] Compiling Data.Primitive.UnliftedArray ( Data/Primitive/UnliftedArray.hs, dist/dist-sandbox-5c4d6549/build/Data/Primitive/UnliftedArray.o )
Creating package registration file:
/tmp/pkgConf-primitive-0.6.3111537764338888228.0
Installing library in
/home/harry/code/proj/pong/.cabal-sandbox/lib/x86_64-linux-ghc-8.0.2/primitive-0.6.3.0-DDbGPxwrqwD2WNEhrcurbN
Registering primitive-0.6.3.0...
cabal: Leaving directory '/tmp/cabal-tmp-26849/primitive-0.6.3.0'
