cabal: Entering directory '/tmp/cabal-tmp-26840/sdl2-2.4.0.1'
Configuring sdl2-2.4.0.1...
Building sdl2-2.4.0.1...
Preprocessing library sdl2-2.4.0.1...
[ 1 of 38] Compiling SDL.Vect         ( src/SDL/Vect.hs, dist/dist-sandbox-5c4d6549/build/SDL/Vect.o )
[ 2 of 38] Compiling SDL.Raw.Platform ( src/SDL/Raw/Platform.hs, dist/dist-sandbox-5c4d6549/build/SDL/Raw/Platform.o )
[ 3 of 38] Compiling SDL.Raw.Error    ( src/SDL/Raw/Error.hs, dist/dist-sandbox-5c4d6549/build/SDL/Raw/Error.o )
[ 4 of 38] Compiling SDL.Raw.Enum     ( dist/dist-sandbox-5c4d6549/build/SDL/Raw/Enum.hs, dist/dist-sandbox-5c4d6549/build/SDL/Raw/Enum.o )
[ 5 of 38] Compiling SDL.Raw.Power    ( src/SDL/Raw/Power.hs, dist/dist-sandbox-5c4d6549/build/SDL/Raw/Power.o )
[ 6 of 38] Compiling SDL.Raw.Types    ( dist/dist-sandbox-5c4d6549/build/SDL/Raw/Types.hs, dist/dist-sandbox-5c4d6549/build/SDL/Raw/Types.o )
[ 7 of 38] Compiling SDL.Raw.Filesystem ( src/SDL/Raw/Filesystem.hs, dist/dist-sandbox-5c4d6549/build/SDL/Raw/Filesystem.o )
[ 8 of 38] Compiling SDL.Raw.Event    ( src/SDL/Raw/Event.hs, dist/dist-sandbox-5c4d6549/build/SDL/Raw/Event.o )
[ 9 of 38] Compiling SDL.Raw.Haptic   ( src/SDL/Raw/Haptic.hs, dist/dist-sandbox-5c4d6549/build/SDL/Raw/Haptic.o )
[10 of 38] Compiling SDL.Raw.Thread   ( src/SDL/Raw/Thread.hs, dist/dist-sandbox-5c4d6549/build/SDL/Raw/Thread.o )
[11 of 38] Compiling SDL.Raw.Timer    ( src/SDL/Raw/Timer.hs, dist/dist-sandbox-5c4d6549/build/SDL/Raw/Timer.o )
[12 of 38] Compiling SDL.Raw.Video    ( src/SDL/Raw/Video.hs, dist/dist-sandbox-5c4d6549/build/SDL/Raw/Video.o )
[13 of 38] Compiling SDL.Raw.Basic    ( src/SDL/Raw/Basic.hs, dist/dist-sandbox-5c4d6549/build/SDL/Raw/Basic.o )
[14 of 38] Compiling SDL.Raw.Audio    ( src/SDL/Raw/Audio.hs, dist/dist-sandbox-5c4d6549/build/SDL/Raw/Audio.o )
[15 of 38] Compiling SDL.Raw          ( src/SDL/Raw.hs, dist/dist-sandbox-5c4d6549/build/SDL/Raw.o )
[16 of 38] Compiling SDL.Power        ( src/SDL/Power.hs, dist/dist-sandbox-5c4d6549/build/SDL/Power.o )
[17 of 38] Compiling SDL.Internal.Vect ( src/SDL/Internal/Vect.hs, dist/dist-sandbox-5c4d6549/build/SDL/Internal/Vect.o )
[18 of 38] Compiling SDL.Internal.Types ( src/SDL/Internal/Types.hs, dist/dist-sandbox-5c4d6549/build/SDL/Internal/Types.o )
[19 of 38] Compiling SDL.Internal.Numbered ( src/SDL/Internal/Numbered.hs, dist/dist-sandbox-5c4d6549/build/SDL/Internal/Numbered.o )
[20 of 38] Compiling SDL.Input.Keyboard.Codes ( src/SDL/Input/Keyboard/Codes.hs, dist/dist-sandbox-5c4d6549/build/SDL/Input/Keyboard/Codes.o )
[21 of 38] Compiling SDL.Input.Keyboard ( src/SDL/Input/Keyboard.hs, dist/dist-sandbox-5c4d6549/build/SDL/Input/Keyboard.o )
[22 of 38] Compiling SDL.Input.GameController ( src/SDL/Input/GameController.hs, dist/dist-sandbox-5c4d6549/build/SDL/Input/GameController.o )
[23 of 38] Compiling SDL.Exception    ( src/SDL/Exception.hs, dist/dist-sandbox-5c4d6549/build/SDL/Exception.o )
[24 of 38] Compiling SDL.Hint         ( src/SDL/Hint.hs, dist/dist-sandbox-5c4d6549/build/SDL/Hint.o )
[25 of 38] Compiling SDL.Internal.Exception ( src/SDL/Internal/Exception.hs, dist/dist-sandbox-5c4d6549/build/SDL/Internal/Exception.o )
[26 of 38] Compiling SDL.Filesystem   ( src/SDL/Filesystem.hs, dist/dist-sandbox-5c4d6549/build/SDL/Filesystem.o )
[27 of 38] Compiling SDL.Input.Joystick ( src/SDL/Input/Joystick.hs, dist/dist-sandbox-5c4d6549/build/SDL/Input/Joystick.o )
[28 of 38] Compiling SDL.Time         ( src/SDL/Time.hs, dist/dist-sandbox-5c4d6549/build/SDL/Time.o )
[29 of 38] Compiling SDL.Video.OpenGL ( src/SDL/Video/OpenGL.hs, dist/dist-sandbox-5c4d6549/build/SDL/Video/OpenGL.o )
[30 of 38] Compiling SDL.Video.Renderer ( src/SDL/Video/Renderer.hs, dist/dist-sandbox-5c4d6549/build/SDL/Video/Renderer.o )
[31 of 38] Compiling SDL.Input.Mouse  ( src/SDL/Input/Mouse.hs, dist/dist-sandbox-5c4d6549/build/SDL/Input/Mouse.o )
[32 of 38] Compiling SDL.Input        ( src/SDL/Input.hs, dist/dist-sandbox-5c4d6549/build/SDL/Input.o )
[33 of 38] Compiling SDL.Video        ( src/SDL/Video.hs, dist/dist-sandbox-5c4d6549/build/SDL/Video.o )
[34 of 38] Compiling SDL.Event        ( src/SDL/Event.hs, dist/dist-sandbox-5c4d6549/build/SDL/Event.o )
[35 of 38] Compiling SDL.Audio        ( src/SDL/Audio.hs, dist/dist-sandbox-5c4d6549/build/SDL/Audio.o )
[36 of 38] Compiling Data.Bitmask     ( src/Data/Bitmask.hs, dist/dist-sandbox-5c4d6549/build/Data/Bitmask.o )
[37 of 38] Compiling SDL.Init         ( src/SDL/Init.hs, dist/dist-sandbox-5c4d6549/build/SDL/Init.o )
[38 of 38] Compiling SDL              ( src/SDL.hs, dist/dist-sandbox-5c4d6549/build/SDL.o )
Creating package registration file:
/tmp/pkgConf-sdl2-2.4.01070575321260401255.1
Installing library in
/home/harry/code/proj/pong/.cabal-sandbox/lib/x86_64-linux-ghc-8.0.2/sdl2-2.4.0.1-1w4B8BCKDBI5zxPPXKCitD
Registering sdl2-2.4.0.1...
cabal: Leaving directory '/tmp/cabal-tmp-26840/sdl2-2.4.0.1'
