cabal: Entering directory '/tmp/cabal-tmp-26840/sdl2-mixer-1.1.0'
Configuring sdl2-mixer-1.1.0...
Building sdl2-mixer-1.1.0...
Preprocessing library sdl2-mixer-1.1.0...
[1 of 3] Compiling SDL.Raw.Helper   ( src/SDL/Raw/Helper.hs, dist/dist-sandbox-5c4d6549/build/SDL/Raw/Helper.o )
[2 of 3] Compiling SDL.Raw.Mixer    ( dist/dist-sandbox-5c4d6549/build/SDL/Raw/Mixer.hs, dist/dist-sandbox-5c4d6549/build/SDL/Raw/Mixer.o )

src/SDL/Raw/Mixer.hsc:181:1: warning: [-Wmissing-pattern-synonym-signatures]
    Pattern synonym with no type signature:
      pattern SDL_MIXER_MAJOR_VERSION :: forall a. (Num a, Eq a) => a

src/SDL/Raw/Mixer.hsc:182:1: warning: [-Wmissing-pattern-synonym-signatures]
    Pattern synonym with no type signature:
      pattern SDL_MIXER_MINOR_VERSION :: forall a. (Num a, Eq a) => a

src/SDL/Raw/Mixer.hsc:183:1: warning: [-Wmissing-pattern-synonym-signatures]
    Pattern synonym with no type signature:
      pattern SDL_MIXER_PATCHLEVEL :: forall a. (Num a, Eq a) => a

src/SDL/Raw/Mixer.hsc:190:1: warning: [-Wmissing-pattern-synonym-signatures]
    Pattern synonym with no type signature:
      pattern INIT_FLAC :: forall a. (Num a, Eq a) => a

src/SDL/Raw/Mixer.hsc:191:1: warning: [-Wmissing-pattern-synonym-signatures]
    Pattern synonym with no type signature:
      pattern INIT_MOD :: forall a. (Num a, Eq a) => a

src/SDL/Raw/Mixer.hsc:192:1: warning: [-Wmissing-pattern-synonym-signatures]
    Pattern synonym with no type signature:
      pattern INIT_MP3 :: forall a. (Num a, Eq a) => a

src/SDL/Raw/Mixer.hsc:193:1: warning: [-Wmissing-pattern-synonym-signatures]
    Pattern synonym with no type signature:
      pattern INIT_OGG :: forall a. (Num a, Eq a) => a

src/SDL/Raw/Mixer.hsc:200:1: warning: [-Wmissing-pattern-synonym-signatures]
    Pattern synonym with no type signature:
      pattern DEFAULT_FREQUENCY :: forall a. (Num a, Eq a) => a

src/SDL/Raw/Mixer.hsc:201:1: warning: [-Wmissing-pattern-synonym-signatures]
    Pattern synonym with no type signature:
      pattern DEFAULT_CHANNELS :: forall a. (Num a, Eq a) => a

src/SDL/Raw/Mixer.hsc:206:1: warning: [-Wmissing-pattern-synonym-signatures]
    Pattern synonym with no type signature:
      pattern AUDIO_U8 :: forall a. (Num a, Eq a) => a

src/SDL/Raw/Mixer.hsc:207:1: warning: [-Wmissing-pattern-synonym-signatures]
    Pattern synonym with no type signature:
      pattern AUDIO_S8 :: forall a. (Num a, Eq a) => a

src/SDL/Raw/Mixer.hsc:208:1: warning: [-Wmissing-pattern-synonym-signatures]
    Pattern synonym with no type signature:
      pattern AUDIO_U16LSB :: forall a. (Num a, Eq a) => a

src/SDL/Raw/Mixer.hsc:209:1: warning: [-Wmissing-pattern-synonym-signatures]
    Pattern synonym with no type signature:
      pattern AUDIO_S16LSB :: forall a. (Num a, Eq a) => a

src/SDL/Raw/Mixer.hsc:210:1: warning: [-Wmissing-pattern-synonym-signatures]
    Pattern synonym with no type signature:
      pattern AUDIO_U16MSB :: forall a. (Num a, Eq a) => a

src/SDL/Raw/Mixer.hsc:211:1: warning: [-Wmissing-pattern-synonym-signatures]
    Pattern synonym with no type signature:
      pattern AUDIO_S16MSB :: forall a. (Num a, Eq a) => a

src/SDL/Raw/Mixer.hsc:212:1: warning: [-Wmissing-pattern-synonym-signatures]
    Pattern synonym with no type signature:
      pattern AUDIO_U16 :: forall a. (Num a, Eq a) => a

src/SDL/Raw/Mixer.hsc:213:1: warning: [-Wmissing-pattern-synonym-signatures]
    Pattern synonym with no type signature:
      pattern AUDIO_S16 :: forall a. (Num a, Eq a) => a

src/SDL/Raw/Mixer.hsc:214:1: warning: [-Wmissing-pattern-synonym-signatures]
    Pattern synonym with no type signature:
      pattern AUDIO_U16SYS :: forall a. (Num a, Eq a) => a

src/SDL/Raw/Mixer.hsc:215:1: warning: [-Wmissing-pattern-synonym-signatures]
    Pattern synonym with no type signature:
      pattern AUDIO_S16SYS :: forall a. (Num a, Eq a) => a

src/SDL/Raw/Mixer.hsc:216:1: warning: [-Wmissing-pattern-synonym-signatures]
    Pattern synonym with no type signature:
      pattern DEFAULT_FORMAT :: forall a. (Num a, Eq a) => a

src/SDL/Raw/Mixer.hsc:268:1: warning: [-Wmissing-pattern-synonym-signatures]
    Pattern synonym with no type signature:
      pattern MAX_VOLUME :: forall a. (Num a, Eq a) => a

src/SDL/Raw/Mixer.hsc:281:1: warning: [-Wmissing-pattern-synonym-signatures]
    Pattern synonym with no type signature:
      pattern CHANNELS :: forall a. (Num a, Eq a) => a

src/SDL/Raw/Mixer.hsc:329:1: warning: [-Wmissing-pattern-synonym-signatures]
    Pattern synonym with no type signature:
      pattern NO_FADING :: forall a. (Num a, Eq a) => a

src/SDL/Raw/Mixer.hsc:330:1: warning: [-Wmissing-pattern-synonym-signatures]
    Pattern synonym with no type signature:
      pattern FADING_IN :: forall a. (Num a, Eq a) => a

src/SDL/Raw/Mixer.hsc:331:1: warning: [-Wmissing-pattern-synonym-signatures]
    Pattern synonym with no type signature:
      pattern FADING_OUT :: forall a. (Num a, Eq a) => a

src/SDL/Raw/Mixer.hsc:391:1: warning: [-Wmissing-pattern-synonym-signatures]
    Pattern synonym with no type signature:
      pattern MUS_NONE :: forall a. (Num a, Eq a) => a

src/SDL/Raw/Mixer.hsc:392:1: warning: [-Wmissing-pattern-synonym-signatures]
    Pattern synonym with no type signature:
      pattern MUS_CMD :: forall a. (Num a, Eq a) => a

src/SDL/Raw/Mixer.hsc:393:1: warning: [-Wmissing-pattern-synonym-signatures]
    Pattern synonym with no type signature:
      pattern MUS_WAV :: forall a. (Num a, Eq a) => a

src/SDL/Raw/Mixer.hsc:394:1: warning: [-Wmissing-pattern-synonym-signatures]
    Pattern synonym with no type signature:
      pattern MUS_MOD :: forall a. (Num a, Eq a) => a

src/SDL/Raw/Mixer.hsc:395:1: warning: [-Wmissing-pattern-synonym-signatures]
    Pattern synonym with no type signature:
      pattern MUS_MID :: forall a. (Num a, Eq a) => a

src/SDL/Raw/Mixer.hsc:396:1: warning: [-Wmissing-pattern-synonym-signatures]
    Pattern synonym with no type signature:
      pattern MUS_OGG :: forall a. (Num a, Eq a) => a

src/SDL/Raw/Mixer.hsc:397:1: warning: [-Wmissing-pattern-synonym-signatures]
    Pattern synonym with no type signature:
      pattern MUS_MP3 :: forall a. (Num a, Eq a) => a

src/SDL/Raw/Mixer.hsc:398:1: warning: [-Wmissing-pattern-synonym-signatures]
    Pattern synonym with no type signature:
      pattern MUS_FLAC :: forall a. (Num a, Eq a) => a

src/SDL/Raw/Mixer.hsc:462:1: warning: [-Wmissing-pattern-synonym-signatures]
    Pattern synonym with no type signature:
      pattern CHANNEL_POST :: forall a. (Num a, Eq a) => a
[3 of 3] Compiling SDL.Mixer        ( src/SDL/Mixer.hs, dist/dist-sandbox-5c4d6549/build/SDL/Mixer.o )

src/SDL/Mixer.hs:510:1: warning: [-Wmissing-signatures]
    Pattern synonym with no type signature:
      pattern AllChannels :: Channel

src/SDL/Mixer.hs:530:1: warning: [-Wmissing-signatures]
    Pattern synonym with no type signature: pattern Once :: Times

src/SDL/Mixer.hs:533:1: warning: [-Wmissing-signatures]
    Pattern synonym with no type signature: pattern Forever :: Times

src/SDL/Mixer.hs:552:1: warning: [-Wmissing-signatures]
    Pattern synonym with no type signature: pattern NoLimit :: Limit

src/SDL/Mixer.hs:727:1: warning: [-Wmissing-signatures]
    Pattern synonym with no type signature:
      pattern DefaultGroup :: Group

src/SDL/Mixer.hs:1033:1: warning: [-Wmissing-signatures]
    Pattern synonym with no type signature:
      pattern PostProcessing :: Channel
Creating package registration file:
/tmp/pkgConf-sdl2-mixer-1.117970739401756915667.0
Installing library in
/home/harry/code/proj/pong/.cabal-sandbox/lib/x86_64-linux-ghc-8.0.2/sdl2-mixer-1.1.0-J9WKuvD0Q1f8ff1UAaEdZZ
Registering sdl2-mixer-1.1.0...
cabal: Leaving directory '/tmp/cabal-tmp-26840/sdl2-mixer-1.1.0'
