cabal: Entering directory '/tmp/cabal-tmp-26847/vector-0.12.0.1'
Configuring vector-0.12.0.1...
Building vector-0.12.0.1...
Preprocessing library vector-0.12.0.1...
[ 1 of 21] Compiling Data.Vector.Storable.Internal ( Data/Vector/Storable/Internal.hs, dist/dist-sandbox-5c4d6549/build/Data/Vector/Storable/Internal.o )

Data/Vector/Storable/Internal.hs:17:1: warning: [-Wunused-imports]
    The import of ‘Foreign.ForeignPtr’ is redundant
      except perhaps to import instances from ‘Foreign.ForeignPtr’
    To import instances alone, use: import Foreign.ForeignPtr()

Data/Vector/Storable/Internal.hs:18:1: warning: [-Wunused-imports]
    The import of ‘Foreign.Ptr’ is redundant
      except perhaps to import instances from ‘Foreign.Ptr’
    To import instances alone, use: import Foreign.Ptr()
[ 2 of 21] Compiling Data.Vector.Internal.Check ( Data/Vector/Internal/Check.hs, dist/dist-sandbox-5c4d6549/build/Data/Vector/Internal/Check.o )
[ 3 of 21] Compiling Data.Vector.Generic.Mutable.Base ( Data/Vector/Generic/Mutable/Base.hs, dist/dist-sandbox-5c4d6549/build/Data/Vector/Generic/Mutable/Base.o )
[ 4 of 21] Compiling Data.Vector.Generic.Base ( Data/Vector/Generic/Base.hs, dist/dist-sandbox-5c4d6549/build/Data/Vector/Generic/Base.o )
[ 5 of 21] Compiling Data.Vector.Fusion.Util ( Data/Vector/Fusion/Util.hs, dist/dist-sandbox-5c4d6549/build/Data/Vector/Fusion/Util.o )
[ 6 of 21] Compiling Data.Vector.Fusion.Stream.Monadic ( Data/Vector/Fusion/Stream/Monadic.hs, dist/dist-sandbox-5c4d6549/build/Data/Vector/Fusion/Stream/Monadic.o )
[ 7 of 21] Compiling Data.Vector.Fusion.Bundle.Size ( Data/Vector/Fusion/Bundle/Size.hs, dist/dist-sandbox-5c4d6549/build/Data/Vector/Fusion/Bundle/Size.o )
[ 8 of 21] Compiling Data.Vector.Fusion.Bundle.Monadic ( Data/Vector/Fusion/Bundle/Monadic.hs, dist/dist-sandbox-5c4d6549/build/Data/Vector/Fusion/Bundle/Monadic.o )
[ 9 of 21] Compiling Data.Vector.Fusion.Bundle ( Data/Vector/Fusion/Bundle.hs, dist/dist-sandbox-5c4d6549/build/Data/Vector/Fusion/Bundle.o )
[10 of 21] Compiling Data.Vector.Generic.Mutable ( Data/Vector/Generic/Mutable.hs, dist/dist-sandbox-5c4d6549/build/Data/Vector/Generic/Mutable.o )
[11 of 21] Compiling Data.Vector.Mutable ( Data/Vector/Mutable.hs, dist/dist-sandbox-5c4d6549/build/Data/Vector/Mutable.o )
[12 of 21] Compiling Data.Vector.Primitive.Mutable ( Data/Vector/Primitive/Mutable.hs, dist/dist-sandbox-5c4d6549/build/Data/Vector/Primitive/Mutable.o )
[13 of 21] Compiling Data.Vector.Storable.Mutable ( Data/Vector/Storable/Mutable.hs, dist/dist-sandbox-5c4d6549/build/Data/Vector/Storable/Mutable.o )

Data/Vector/Storable/Mutable.hs:77:1: warning: [-Wunused-imports]
    The import of ‘Foreign.Ptr’ is redundant
      except perhaps to import instances from ‘Foreign.Ptr’
    To import instances alone, use: import Foreign.Ptr()
[14 of 21] Compiling Data.Vector.Generic.New ( Data/Vector/Generic/New.hs, dist/dist-sandbox-5c4d6549/build/Data/Vector/Generic/New.o )
[15 of 21] Compiling Data.Vector.Generic ( Data/Vector/Generic.hs, dist/dist-sandbox-5c4d6549/build/Data/Vector/Generic.o )
[16 of 21] Compiling Data.Vector.Primitive ( Data/Vector/Primitive.hs, dist/dist-sandbox-5c4d6549/build/Data/Vector/Primitive.o )
[17 of 21] Compiling Data.Vector.Unboxed.Base ( Data/Vector/Unboxed/Base.hs, dist/dist-sandbox-5c4d6549/build/Data/Vector/Unboxed/Base.o )
[18 of 21] Compiling Data.Vector.Unboxed.Mutable ( Data/Vector/Unboxed/Mutable.hs, dist/dist-sandbox-5c4d6549/build/Data/Vector/Unboxed/Mutable.o )
[19 of 21] Compiling Data.Vector.Storable ( Data/Vector/Storable.hs, dist/dist-sandbox-5c4d6549/build/Data/Vector/Storable.o )
[20 of 21] Compiling Data.Vector.Unboxed ( Data/Vector/Unboxed.hs, dist/dist-sandbox-5c4d6549/build/Data/Vector/Unboxed.o )
[21 of 21] Compiling Data.Vector      ( Data/Vector.hs, dist/dist-sandbox-5c4d6549/build/Data/Vector.o )
Creating package registration file:
/tmp/pkgConf-vector-0.12.08242728131662739668.1
Installing library in
/home/harry/code/proj/pong/.cabal-sandbox/lib/x86_64-linux-ghc-8.0.2/vector-0.12.0.1-HOfZwMwyK5HGjuyWNzMDM6
Registering vector-0.12.0.1...
cabal: Leaving directory '/tmp/cabal-tmp-26847/vector-0.12.0.1'
